<?xml version="1.0" encoding="UTF-8" ?>
<testsuite tests="7" failures="0" name="uk.gov.dwp.uc.pairtest.TicketServiceImplTest" time="0.011" errors="0" skipped="0">
  <properties>
[...]
</properties>
  <testcase classname="uk.gov.dwp.uc.pairtest.TicketServiceImplTest" name="purchseRequestWithoutAdult" time="0.003"/>
  <testcase classname="uk.gov.dwp.uc.pairtest.TicketServiceImplTest" name="purchseRequestWithoutTickets" time="0.001"/>
  <testcase classname="uk.gov.dwp.uc.pairtest.TicketServiceImplTest" name="successfulTicketPurchaseJustAdult" time="0"/>
  <testcase classname="uk.gov.dwp.uc.pairtest.TicketServiceImplTest" name="requestingMoreInfantTicketThanAdultOne" time="0"/>
  <testcase classname="uk.gov.dwp.uc.pairtest.TicketServiceImplTest" name="successfulTicketPurchaseAdultChildAndInfant" time="0.001"/>
  <testcase classname="uk.gov.dwp.uc.pairtest.TicketServiceImplTest" name="successfulTicketPurchaseAdultAndChild" time="0"/>
  <testcase classname="uk.gov.dwp.uc.pairtest.TicketServiceImplTest" name="requestingMoreTicketThanTheMaximum" time="0.006"/>
</testsuite>